#
# There is insufficient memory for the Java Runtime Environment to continue.
# Native memory allocation (malloc) failed to allocate 1048576 bytes for AllocateHeap
# Possible reasons:
#   The system is out of physical RAM or swap space
#   In 32 bit mode, the process size limit was hit
# Possible solutions:
#   Reduce memory load on the system
#   Increase physical memory or swap space
#   Check if swap backing store is full
#   Use 64 bit Java on a 64 bit OS
#   Decrease Java heap size (-Xmx/-Xms)
#   Decrease number of Java threads
#   Decrease Java thread stack sizes (-Xss)
#   Set larger code cache with -XX:ReservedCodeCacheSize=
# This output file may be truncated or incomplete.
#
#  Out of Memory Error (memory/allocation.inline.hpp:61), pid=21824, tid=19836
#
# JRE version:  (8.0_77-b03) (build )
# Java VM: Java HotSpot(TM) 64-Bit Server VM (25.77-b03 mixed mode windows-amd64 compressed oops)
# Failed to write core dump. Minidumps are not enabled by default on client versions of Windows
#

---------------  T H R E A D  ---------------

Current thread (0x0000000002010800):  JavaThread "Unknown thread" [_thread_in_vm, id=19836, stack(0x0000000001f00000,0x0000000002000000)]

Stack: [0x0000000001f00000,0x0000000002000000]
[error occurred during error reporting (printing stack bounds), id 0xc0000005]

Native frames: (J=compiled Java code, j=interpreted, Vv=VM code, C=native code)


---------------  P R O C E S S  ---------------

Java Threads: ( => current thread )

Other Threads:

=>0x0000000002010800 (exited) JavaThread "Unknown thread" [_thread_in_vm, id=19836, stack(0x0000000001f00000,0x0000000002000000)]

VM state:not at safepoint (normal execution)

VM Mutex/Monitor currently owned by a thread: None

Heap:
 PSYoungGen      total 76288K, used 1310K [0x000000076b000000, 0x0000000770500000, 0x00000007c0000000)
  eden space 65536K, 2% used [0x000000076b000000,0x000000076b147af0,0x000000076f000000)
  from space 10752K, 0% used [0x000000076fa80000,0x000000076fa80000,0x0000000770500000)
  to   space 10752K, 0% used [0x000000076f000000,0x000000076f000000,0x000000076fa80000)
 ParOldGen       total 175104K, used 0K [0x00000006c1000000, 0x00000006cbb00000, 0x000000076b000000)
  object space 175104K, 0% used [0x00000006c1000000,0x00000006c1000000,0x00000006cbb00000)
 Metaspace       used 769K, capacity 4480K, committed 4480K, reserved 1056768K
  class space    used 75K, capacity 384K, committed 384K, reserved 1048576K

Card table byte_map: [0x00000000114d0000,0x0000000011cd0000] byte_map_base: 0x000000000dec8000

Marking Bits: (ParMarkBitMap*) 0x0000000072410600
 Begin Bits: [0x0000000012a20000, 0x00000000169e0000)
 End Bits:   [0x00000000169e0000, 0x000000001a9a0000)

Polling page: 0x00000000005b0000

CodeCache: size=245760Kb used=328Kb max_used=328Kb free=245431Kb
 bounds [0x0000000002110000, 0x0000000002380000, 0x0000000011110000]
 total_blobs=58 nmethods=0 adapters=38
 compilation: enabled

Compilation events (0 events):
No events

GC Heap History (0 events):
No events

Deoptimization events (0 events):
No events

Internal exceptions (0 events):
No events

Events (10 events):
Event: 0.024 loading class java/lang/Short
Event: 0.024 loading class java/lang/Short done
Event: 0.024 loading class java/lang/Integer
Event: 0.024 loading class java/lang/Integer done
Event: 0.024 loading class java/lang/Long
Event: 0.024 loading class java/lang/Long done
Event: 0.024 loading class java/lang/NullPointerException
Event: 0.024 loading class java/lang/NullPointerException done
Event: 0.024 loading class java/lang/ArithmeticException
Event: 0.024 loading class java/lang/ArithmeticException done


Dynamic libraries:
0x00007ff77c200000 - 0x00007ff77c237000 	C:\NVPACK\jdk1.8.0_77\bin\java.exe
0x00007ffee4f90000 - 0x00007ffee5186000 	C:\WINDOWS\SYSTEM32\ntdll.dll
0x00007ffee4d20000 - 0x00007ffee4ddd000 	C:\WINDOWS\System32\KERNEL32.DLL
0x00007ffee28f0000 - 0x00007ffee2bb8000 	C:\WINDOWS\System32\KERNELBASE.dll
0x00007ffee4e90000 - 0x00007ffee4f3a000 	C:\WINDOWS\System32\ADVAPI32.dll
0x00007ffee3710000 - 0x00007ffee37ae000 	C:\WINDOWS\System32\msvcrt.dll
0x00007ffee3b60000 - 0x00007ffee3bfb000 	C:\WINDOWS\System32\sechost.dll
0x00007ffee3000000 - 0x00007ffee3124000 	C:\WINDOWS\System32\RPCRT4.dll
0x00007ffee3c00000 - 0x00007ffee3da0000 	C:\WINDOWS\System32\USER32.dll
0x00007ffee2f70000 - 0x00007ffee2f92000 	C:\WINDOWS\System32\win32u.dll
0x00007ffee3370000 - 0x00007ffee339a000 	C:\WINDOWS\System32\GDI32.dll
0x00007ffee2d10000 - 0x00007ffee2e19000 	C:\WINDOWS\System32\gdi32full.dll
0x00007ffee2bc0000 - 0x00007ffee2c5d000 	C:\WINDOWS\System32\msvcp_win.dll
0x00007ffee2e20000 - 0x00007ffee2f20000 	C:\WINDOWS\System32\ucrtbase.dll
0x00007ffec8ed0000 - 0x00007ffec916b000 	C:\WINDOWS\WinSxS\amd64_microsoft.windows.common-controls_6595b64144ccf1df_6.0.19041.488_none_ca04af081b815d21\COMCTL32.dll
0x00007ffee3a70000 - 0x00007ffee3aa0000 	C:\WINDOWS\System32\IMM32.DLL
0x0000000072490000 - 0x0000000072562000 	C:\NVPACK\jdk1.8.0_77\jre\bin\msvcr100.dll
0x0000000071c00000 - 0x0000000072490000 	C:\NVPACK\jdk1.8.0_77\jre\bin\server\jvm.dll
0x00007ffee4f40000 - 0x00007ffee4f48000 	C:\WINDOWS\System32\PSAPI.DLL
0x00007ffed3ea0000 - 0x00007ffed3ea9000 	C:\WINDOWS\SYSTEM32\WSOCK32.dll
0x00007ffee4840000 - 0x00007ffee48ab000 	C:\WINDOWS\System32\WS2_32.dll
0x00007ffeda090000 - 0x00007ffeda0b7000 	C:\WINDOWS\SYSTEM32\WINMM.dll
0x00007ffedc4a0000 - 0x00007ffedc4aa000 	C:\WINDOWS\SYSTEM32\VERSION.dll
0x0000000072aa0000 - 0x0000000072aaf000 	C:\NVPACK\jdk1.8.0_77\jre\bin\verify.dll
0x0000000071bd0000 - 0x0000000071bf9000 	C:\NVPACK\jdk1.8.0_77\jre\bin\java.dll
0x0000000071bb0000 - 0x0000000071bc6000 	C:\NVPACK\jdk1.8.0_77\jre\bin\zip.dll

VM Arguments:
java_command: <unknown>
java_class_path (initial): .
Launcher Type: SUN_STANDARD

Environment Variables:
JAVA_HOME=C:\NVPACK\jdk1.8.0_77
PATH=E:\Oculus\Support\oculus-runtime;C:\Program Files (x86)\Razer Chroma SDK\bin;C:\Program Files\Razer Chroma SDK\bin;C:\Program Files (x86)\Common Files\Oracle\Java\javapath;C:\Python27\;C:\Python27\Scripts;C:\Windows\system32;C:\Windows;C:\Windows\System32\Wbem;C:\Windows\System32\WindowsPowerShell\v1.0\;C:\Program Files (x86)\NVIDIA Corporation\PhysX\Common;C:\WINDOWS\system32;C:\WINDOWS;C:\WINDOWS\System32\Wbem;C:\WINDOWS\System32\WindowsPowerShell\v1.0\;C:\WINDOWS\System32\OpenSSH\;C:\Program Files (x86)\Git\cmd;C:\Program Files (x86)\Mercurial;C:\Program Files (x86)\GNU Tools ARM Embedded\6 2017-q2-update\bin;C:\Program Files (x86)\GNU Tools ARM Embedded\8 2019-q3-update\bin;C:\Users\Serhii\AppData\Local\Microsoft\WindowsApps;C:\Program Files (x86)\Windows Kits\8.1\Windows Performance Toolkit\;C:\Windows\System32\OpenSSH\;C:\Program Files\NVIDIA Corporation\NVIDIA NvDLISR;C:\Program Files\dotnet\;C:\Users\Serhii\.dnx\bin;C:\Program Files\Microsoft DNX\Dnvm\;C:\Program Files\Microsoft SQL Server\130\Tools\Binn\;C:\Program Files (x86)\Windows Kits\10\Windows Performance Toolkit\;C:\WINDOWS\system32;C:\WINDOWS;C:\WINDOWS\System32\Wbem;C:\WINDOWS\System32\WindowsPowerShell\v1.0\;C:\WINDOWS\System32\OpenSSH\;C:\NVPACK\android-sdk-windows\extras\android\support;C:\NVPACK\android-sdk-windows\build-tools;C:\NVPACK\android-sdk-windows\platform-tools;C:\NVPACK\android-sdk-windows\tools;C:\NVPACK\gradle-4.4.1\bin;C:\NVPACK\jdk1.8.0_77\bin;C:\NVPACK\android-ndk-r18b;C:\Program Files (x86)\GNU Tools ARM Embedded\6 2017-q2-update\bin;C:\Program Files (x86)\GNU Tools ARM Embedded\8 2019-q3-update\bin;C:\Users\Serhii\AppData\Local\Microsoft\WindowsApps;;e:\Microsoft VS Code\bin
USERNAME=Serhii
OS=Windows_NT
PROCESSOR_IDENTIFIER=Intel64 Family 6 Model 58 Stepping 9, GenuineIntel



---------------  S Y S T E M  ---------------

OS: Windows 10.0 , 64 bit Build 19041 (10.0.19041.546)

CPU:total 8 (4 cores per cpu, 2 threads per core) family 6 model 58 stepping 9, cmov, cx8, fxsr, mmx, sse, sse2, sse3, ssse3, sse4.1, sse4.2, popcnt, avx, aes, clmul, erms, ht, tsc, tscinvbit, tscinv

Memory: 4k page, physical 16708344k(3504764k free), swap 16708344k(5888k free)

vm_info: Java HotSpot(TM) 64-Bit Server VM (25.77-b03) for windows-amd64 JRE (1.8.0_77-b03), built on Mar 20 2016 22:01:33 by "java_re" with MS VC++ 10.0 (VS2010)

time: Wed Oct 21 04:56:47 2020
elapsed time: 0 seconds (0d 0h 0m 0s)

